<?xml version="1.0" encoding="UTF-8"?>
<!-- Generated by org.testng.reporters.JUnitXMLReporter -->
<testsuite ignored="0" hostname="inv-18550.local" failures="0" tests="6" name="Surefire test" time="0.029" errors="0" timestamp="05 lut 2018 09:41:32 GMT">
  <testcase classname="com.mycompany.app.AppiumTest" name="IOSApps" time="0.005"/>
  <testcase classname="com.mycompany.app.AppiumTest" name="NativeApAndroid" time="0.0"/>
  <testcase classname="com.mycompany.app.SeleniumTest" name="BrowserAutomation" time="0.0"/>
  <testcase classname="com.mycompany.app.SeleniumTest" name="ElementsUi" time="0.0"/>
  <testcase classname="com.mycompany.app.RESTAPITest" name="deleteTwitter" time="0.001"/>
  <testcase classname="com.mycompany.app.RESTAPITest" name="postJira" time="0.0"/>
</testsuite> <!-- Surefire test -->
