<?xml version="1.0" encoding="UTF-8"?>
<testsuite xmlns:xsi="http://www.w3.org/2001/XMLSchema-instance" xsi:noNamespaceSchemaLocation="https://maven.apache.org/surefire/maven-surefire-plugin/xsd/surefire-test-report.xsd" name="TestSuite" time="0.744" tests="6" errors="0" skipped="0" failures="0">
  <properties>
[...]
</properties>
  <testcase name="BrowserAutomation" classname="com.mycompany.app.SeleniumTest" time="0.009"/>
  <testcase name="ElementsUi" classname="com.mycompany.app.SeleniumTest" time="0"/>
  <testcase name="deleteTwitter" classname="com.mycompany.app.RESTAPITest" time="0.001"/>
  <testcase name="postJira" classname="com.mycompany.app.RESTAPITest" time="0"/>
  <testcase name="IOSApps" classname="com.mycompany.app.AppiumTest" time="0"/>
  <testcase name="NativeApAndroid" classname="com.mycompany.app.AppiumTest" time="0"/>
</testsuite>