<?xml version="1.0" encoding="UTF-8"?>
<testng-results ignored="0" total="6" passed="6" failed="0" skipped="0">
  <reporter-output>
  </reporter-output>
  <suite started-at="2018-02-05T12:08:02Z" name="Suite" finished-at="2018-02-05T12:08:02Z" duration-ms="32">
    <groups>
    </groups>
    <test started-at="2018-02-05T12:08:02Z" name="Test" finished-at="2018-02-05T12:08:02Z" duration-ms="32">
      <class name="com.mycompany.app.SeleniumTest">
        <test-method signature="BrowserAutomation()[pri:0, instance:com.mycompany.app.SeleniumTest@c730b35]" started-at="2018-02-05T13:08:02Z" name="BrowserAutomation" finished-at="2018-02-05T13:08:02Z" duration-ms="7" status="PASS">
          <reporter-output>
          </reporter-output>
        </test-method> <!-- BrowserAutomation -->
        <test-method signature="ElementsUi()[pri:0, instance:com.mycompany.app.SeleniumTest@c730b35]" started-at="2018-02-05T13:08:02Z" name="ElementsUi" finished-at="2018-02-05T13:08:02Z" duration-ms="0" status="PASS">
          <reporter-output>
          </reporter-output>
        </test-method> <!-- ElementsUi -->
      </class> <!-- com.mycompany.app.SeleniumTest -->
      <class name="com.mycompany.app.AppiumTest">
        <test-method signature="IOSApps()[pri:0, instance:com.mycompany.app.AppiumTest@45752059]" started-at="2018-02-05T13:08:02Z" name="IOSApps" finished-at="2018-02-05T13:08:02Z" duration-ms="1" status="PASS">
          <reporter-output>
          </reporter-output>
        </test-method> <!-- IOSApps -->
        <test-method signature="NativeApAndroid()[pri:0, instance:com.mycompany.app.AppiumTest@45752059]" started-at="2018-02-05T13:08:02Z" name="NativeApAndroid" finished-at="2018-02-05T13:08:02Z" duration-ms="0" status="PASS">
          <reporter-output>
          </reporter-output>
        </test-method> <!-- NativeApAndroid -->
      </class> <!-- com.mycompany.app.AppiumTest -->
      <class name="com.mycompany.app.RESTAPITest">
        <test-method signature="deleteTwitter()[pri:0, instance:com.mycompany.app.RESTAPITest@36ebc363]" started-at="2018-02-05T13:08:02Z" name="deleteTwitter" finished-at="2018-02-05T13:08:02Z" duration-ms="0" status="PASS">
          <reporter-output>
          </reporter-output>
        </test-method> <!-- deleteTwitter -->
        <test-method signature="postJira()[pri:0, instance:com.mycompany.app.RESTAPITest@36ebc363]" started-at="2018-02-05T13:08:02Z" name="postJira" finished-at="2018-02-05T13:08:02Z" duration-ms="0" status="PASS">
          <reporter-output>
          </reporter-output>
        </test-method> <!-- postJira -->
      </class> <!-- com.mycompany.app.RESTAPITest -->
    </test> <!-- Test -->
  </suite> <!-- Suite -->
</testng-results>
