<?xml version="1.0" encoding="UTF-8"?>
<testng-results ignored="0" total="2" passed="2" failed="0" skipped="0">
  <reporter-output>
  </reporter-output>
  <suite started-at="2018-02-06T08:59:15Z" name="Default suite" finished-at="2018-02-06T08:59:15Z" duration-ms="30">
    <groups>
    </groups>
    <test started-at="2018-02-06T08:59:15Z" name="Default test" finished-at="2018-02-06T08:59:15Z" duration-ms="30">
      <class name="com.mycompany.app.AppiumTest">
        <test-method signature="IOSApps()[pri:0, instance:com.mycompany.app.AppiumTest@4ef37659]" started-at="2018-02-06T09:59:15Z" name="IOSApps" finished-at="2018-02-06T09:59:15Z" duration-ms="7" status="PASS">
          <reporter-output>
          </reporter-output>
        </test-method> <!-- IOSApps -->
        <test-method signature="NativeApAndroid()[pri:0, instance:com.mycompany.app.AppiumTest@4ef37659]" started-at="2018-02-06T09:59:15Z" name="NativeApAndroid" finished-at="2018-02-06T09:59:15Z" duration-ms="1" status="PASS">
          <reporter-output>
          </reporter-output>
        </test-method> <!-- NativeApAndroid -->
      </class> <!-- com.mycompany.app.AppiumTest -->
    </test> <!-- Default test -->
  </suite> <!-- Default suite -->
</testng-results>
